<?xml version="1.0" encoding="UTF-8"?>
<!-- Generated by org.testng.reporters.JUnitXMLReporter -->
<testsuite hostname="LAPTOP-6R094LP2" ignored="1" name="Default test" tests="6" failures="0" timestamp="09 Feb 2022 08:01:05 GMT" time="0.11" errors="0">
  <testcase name="fb" time="0.031" classname="com.Mavenproject.Ignore_Case"/>
  <testcase name="insta" time="0.0" classname="com.Mavenproject.Ignore_Case"/>
  <testcase name="insta" time="0.0" classname="com.Mavenproject.Ignore_Case"/>
  <testcase name="spotify" time="0.015" classname="com.Mavenproject.Ignore_Case"/>
  <testcase name="tweet" time="0.0" classname="com.Mavenproject.Ignore_Case"/>
  <testcase name="wkynmusic" time="0.016" classname="com.Mavenproject.Ignore_Case"/>
  <testcase name="watsapp" time="0.0" classname="com.Mavenproject.Ignore_Case">
    <ignored/>
  </testcase> <!-- watsapp -->
</testsuite> <!-- Default test -->
